  Game.cpp
D:\Shooting Game\libraries\include\SFML\System\Exception.hpp(41,47): warning C4275: non dll-interface class 'std::runtime_error' used as base for dll-interface class 'sf::Exception'
  (compiling source file 'Game.cpp')
      C:\Program Files\Microsoft Visual Studio\2022\Community\VC\Tools\MSVC\14.43.34808\include\stdexcept(100,19):
      see declaration of 'std::runtime_error'
      D:\Shooting Game\libraries\include\SFML\System\Exception.hpp(41,23):
      see declaration of 'sf::Exception'
  
D:\Shooting Game\Entity.hpp(57,48): error C2187: syntax error: ')' was unexpected here
  (compiling source file 'Game.cpp')
  
D:\Shooting Game\Entity.hpp(57,37): error C2187: syntax error: ')' was unexpected here
  (compiling source file 'Game.cpp')
      D:\Shooting Game\Entity.hpp(54,5):
      This diagnostic occurred in the compiler generated function 'T &Entity::add(TArgs ...)'
  
D:\Shooting Game\Entity.hpp(57,37): error C2760: syntax error: ')' was unexpected here; expected ';'
  (compiling source file 'Game.cpp')
      D:\Shooting Game\Entity.hpp(54,5):
      This diagnostic occurred in the compiler generated function 'T &Entity::add(TArgs ...)'
  
D:\Shooting Game\Entity.hpp(57,37): error C3878: syntax error: unexpected token ')' following 'expression-statement'
  (compiling source file 'Game.cpp')
      D:\Shooting Game\Entity.hpp(54,5):
      This diagnostic occurred in the compiler generated function 'T &Entity::add(TArgs ...)'
  
D:\Shooting Game\Entity.hpp(57,45): error C2760: syntax error: '...' was unexpected here; expected ';'
  (compiling source file 'Game.cpp')
      D:\Shooting Game\Entity.hpp(54,5):
      This diagnostic occurred in the compiler generated function 'T &Entity::add(TArgs ...)'
  
D:\Shooting Game\Entity.hpp(57,45): error C3878: syntax error: unexpected token '...' following 'expression-statement'
  (compiling source file 'Game.cpp')
      D:\Shooting Game\Entity.hpp(54,5):
      This diagnostic occurred in the compiler generated function 'T &Entity::add(TArgs ...)'
  
D:\Shooting Game\Game.cpp(5,1): error C2512: 'sf::Text': no appropriate default constructor available
      D:\Shooting Game\libraries\include\SFML\Graphics\Text.hpp(56,25):
      see declaration of 'sf::Text'
  
D:\Shooting Game\Game.cpp(20,19): warning C4834: discarding return value of function with [[nodiscard]] attribute
D:\Shooting Game\Game.cpp(180,33): error C2664: 'void sf::Transformable::setRotation(sf::Angle)': cannot convert argument 1 from 'float' to 'sf::Angle'
      D:\Shooting Game\Game.cpp(180,72):
      Constructor for class 'sf::Angle' is declared 'explicit'
      D:\Shooting Game\libraries\include\SFML\Graphics\Transformable.hpp(84,10):
      see declaration of 'sf::Transformable::setRotation'
      D:\Shooting Game\Game.cpp(180,33):
      while trying to match the argument list '(float)'
  
D:\Shooting Game\Game.cpp(200,12): error C2512: 'sf::Event': no appropriate default constructor available
      D:\Shooting Game\libraries\include\SFML\Window\Event.hpp(46,7):
      see declaration of 'sf::Event'
  
D:\Shooting Game\Game.cpp(201,18): error C2660: 'sf::WindowBase::pollEvent': function does not take 1 arguments
      D:\Shooting Game\libraries\include\SFML\Window\WindowBase.hpp(226,40):
      see declaration of 'sf::WindowBase::pollEvent'
      D:\Shooting Game\Game.cpp(201,18):
      while trying to match the argument list '(sf::Event)'
  
D:\Shooting Game\Game.cpp(207,13): error C2039: 'type': is not a member of 'sf::Event'
      D:\Shooting Game\libraries\include\SFML\Window\Event.hpp(46,7):
      see declaration of 'sf::Event'
  
D:\Shooting Game\Game.cpp(212,13): error C2039: 'type': is not a member of 'sf::Event'
      D:\Shooting Game\libraries\include\SFML\Window\Event.hpp(46,7):
      see declaration of 'sf::Event'
  
D:\Shooting Game\Game.cpp(214,18): error C2039: 'key': is not a member of 'sf::Event'
      D:\Shooting Game\libraries\include\SFML\Window\Event.hpp(46,7):
      see declaration of 'sf::Event'
  
D:\Shooting Game\Game.cpp(216,23): error C2039: 'W': is not a member of 'sf::Keyboard'
      D:\Shooting Game\libraries\include\SFML\Window\Keyboard.hpp(41,11):
      see declaration of 'sf::Keyboard'
  
D:\Shooting Game\Game.cpp(216,23): error C2065: 'W': undeclared identifier
D:\Shooting Game\Game.cpp(216,23): error C2131: expression did not evaluate to a constant
      D:\Shooting Game\Game.cpp(216,23):
      a non-constant (sub-)expression was encountered
  
D:\Shooting Game\Game.cpp(223,13): error C2039: 'type': is not a member of 'sf::Event'
      D:\Shooting Game\libraries\include\SFML\Window\Event.hpp(46,7):
      see declaration of 'sf::Event'
  
D:\Shooting Game\Game.cpp(225,18): error C2039: 'key': is not a member of 'sf::Event'
      D:\Shooting Game\libraries\include\SFML\Window\Event.hpp(46,7):
      see declaration of 'sf::Event'
  
D:\Shooting Game\Game.cpp(227,23): error C2039: 'W': is not a member of 'sf::Keyboard'
      D:\Shooting Game\libraries\include\SFML\Window\Keyboard.hpp(41,11):
      see declaration of 'sf::Keyboard'
  
D:\Shooting Game\Game.cpp(227,23): error C2065: 'W': undeclared identifier
D:\Shooting Game\Game.cpp(227,23): error C2131: expression did not evaluate to a constant
      D:\Shooting Game\Game.cpp(227,23):
      a non-constant (sub-)expression was encountered
  
D:\Shooting Game\Game.cpp(235,13): error C2039: 'type': is not a member of 'sf::Event'
      D:\Shooting Game\libraries\include\SFML\Window\Event.hpp(46,7):
      see declaration of 'sf::Event'
  
D:\Shooting Game\Game.cpp(238,23): error C2039: 'WnatCaptureMouse': is not a member of 'ImGuiIO'
      D:\Shooting Game\imgui\imgui.h(2219,8):
      see declaration of 'ImGuiIO'
  
D:\Shooting Game\Game.cpp(240,14): error C2039: 'mouseButton': is not a member of 'sf::Event'
      D:\Shooting Game\libraries\include\SFML\Window\Event.hpp(46,7):
      see declaration of 'sf::Event'
  
D:\Shooting Game\Game.cpp(240,47): error C2039: 'Left': is not a member of 'sf::Mouse'
      D:\Shooting Game\libraries\include\SFML\Window\Mouse.hpp(43,11):
      see declaration of 'sf::Mouse'
  
D:\Shooting Game\Game.cpp(240,47): error C2065: 'Left': undeclared identifier
D:\Shooting Game\Game.cpp(241,60): error C2039: 'mouseButton': is not a member of 'sf::Event'
      D:\Shooting Game\libraries\include\SFML\Window\Event.hpp(46,7):
      see declaration of 'sf::Event'
  
D:\Shooting Game\Game.cpp(244,14): error C2039: 'mouseButton': is not a member of 'sf::Event'
      D:\Shooting Game\libraries\include\SFML\Window\Event.hpp(46,7):
      see declaration of 'sf::Event'
  
D:\Shooting Game\Game.cpp(244,47): error C2039: 'Right': is not a member of 'sf::Mouse'
      D:\Shooting Game\libraries\include\SFML\Window\Mouse.hpp(43,11):
      see declaration of 'sf::Mouse'
  
D:\Shooting Game\Game.cpp(244,47): error C2065: 'Right': undeclared identifier
D:\Shooting Game\Game.cpp(246,61): error C2039: 'mouseButton': is not a member of 'sf::Event'
      D:\Shooting Game\libraries\include\SFML\Window\Event.hpp(46,7):
      see declaration of 'sf::Event'
  
  main.cpp
D:\Shooting Game\libraries\include\SFML\System\Exception.hpp(41,47): warning C4275: non dll-interface class 'std::runtime_error' used as base for dll-interface class 'sf::Exception'
  (compiling source file 'main.cpp')
      C:\Program Files\Microsoft Visual Studio\2022\Community\VC\Tools\MSVC\14.43.34808\include\stdexcept(100,19):
      see declaration of 'std::runtime_error'
      D:\Shooting Game\libraries\include\SFML\System\Exception.hpp(41,23):
      see declaration of 'sf::Exception'
  
D:\Shooting Game\Entity.hpp(57,48): error C2187: syntax error: ')' was unexpected here
  (compiling source file 'main.cpp')
  
D:\Shooting Game\Entity.hpp(57,37): error C2187: syntax error: ')' was unexpected here
  (compiling source file 'main.cpp')
      D:\Shooting Game\Entity.hpp(54,5):
      This diagnostic occurred in the compiler generated function 'T &Entity::add(TArgs ...)'
  
D:\Shooting Game\Entity.hpp(57,37): error C2760: syntax error: ')' was unexpected here; expected ';'
  (compiling source file 'main.cpp')
      D:\Shooting Game\Entity.hpp(54,5):
      This diagnostic occurred in the compiler generated function 'T &Entity::add(TArgs ...)'
  
D:\Shooting Game\Entity.hpp(57,37): error C3878: syntax error: unexpected token ')' following 'expression-statement'
  (compiling source file 'main.cpp')
      D:\Shooting Game\Entity.hpp(54,5):
      This diagnostic occurred in the compiler generated function 'T &Entity::add(TArgs ...)'
  
D:\Shooting Game\Entity.hpp(57,45): error C2760: syntax error: '...' was unexpected here; expected ';'
  (compiling source file 'main.cpp')
      D:\Shooting Game\Entity.hpp(54,5):
      This diagnostic occurred in the compiler generated function 'T &Entity::add(TArgs ...)'
  
D:\Shooting Game\Entity.hpp(57,45): error C3878: syntax error: unexpected token '...' following 'expression-statement'
  (compiling source file 'main.cpp')
      D:\Shooting Game\Entity.hpp(54,5):
      This diagnostic occurred in the compiler generated function 'T &Entity::add(TArgs ...)'
  
D:\Shooting Game\main.cpp(7,8): error C2668: 'Game::Game': ambiguous call to overloaded function
      D:\Shooting Game\Game.h(48,2):
      could be 'Game::Game(const std::string &)'
      D:\Shooting Game\Game.h(25,2):
      or       'Game::Game(const std::string)'
      D:\Shooting Game\main.cpp(7,8):
      while trying to match the argument list '(const char [11])'
  
